INFO:root:ID: tau_opt-20200501-120515
INFO:root:Date: 2020-05-01 12:05:15

INFO:root:Parameters:
protocol (0,)
p_gen 0.1
p_swap 0.5
t_trunc 200
w0 [0.97, 0.98, 0.99, 1.0]
t_coh [300, 350, 400, 450, 500, 550, 600, 700, 800, 1000, 1200]
optimizer ['full_de', 'uniform_de']

INFO:root:-------------------------------------------
INFO:root:Optimization of the cut-off time

INFO:root:Parameters:
protocol (0,)
p_gen 0.1
p_swap 0.5
t_trunc 200
w0 0.97
t_coh 300
optimizer full_de

INFO:root:Pretraining begins...
INFO:root:Pretraining finishes, reference pmf obtained.
INFO:root:The best tau found: (30,)
The best cut-off is located at: [0.95676522]
The best key rate is 0.021863414963218003

INFO:root:-------------------------------------------
INFO:root:Saving data...
INFO:root:Data saved at "data/tau_opt-20200501-120515.pickle"
INFO:root:-------------------------------------------
INFO:root:Optimization of the cut-off time

INFO:root:Parameters:
protocol (0,)
p_gen 0.1
p_swap 0.5
t_trunc 200
w0 0.97
t_coh 300
optimizer uniform_de

INFO:root:Pretraining begins...
INFO:root:Pretraining finishes, reference pmf obtained.
INFO:root:The best tau found: (30,)
The best cut-off is located at: [0.62962615]
The best key rate is 0.021863414963218003

INFO:root:-------------------------------------------
INFO:root:Saving data...
INFO:root:Data saved at "data/tau_opt-20200501-120515.pickle"
INFO:root:-------------------------------------------
INFO:root:Optimization of the cut-off time

INFO:root:Parameters:
protocol (0,)
p_gen 0.1
p_swap 0.5
t_trunc 200
w0 0.97
t_coh 350
optimizer full_de

INFO:root:Pretraining begins...
INFO:root:Pretraining finishes, reference pmf obtained.
INFO:root:The best tau found: (34,)
The best cut-off is located at: [0.96983493]
The best key rate is 0.022241835730224785

INFO:root:-------------------------------------------
INFO:root:Saving data...
INFO:root:Data saved at "data/tau_opt-20200501-120515.pickle"
INFO:root:-------------------------------------------
INFO:root:Optimization of the cut-off time

INFO:root:Parameters:
protocol (0,)
p_gen 0.1
p_swap 0.5
t_trunc 200
w0 0.97
t_coh 350
optimizer uniform_de

INFO:root:Pretraining begins...
INFO:root:Pretraining finishes, reference pmf obtained.
INFO:root:The best tau found: (33,)
The best cut-off is located at: [0.67420521]
The best key rate is 0.022241656950512903

INFO:root:-------------------------------------------
INFO:root:Saving data...
INFO:root:Data saved at "data/tau_opt-20200501-120515.pickle"
INFO:root:-------------------------------------------
INFO:root:Optimization of the cut-off time

INFO:root:Parameters:
protocol (0,)
p_gen 0.1
p_swap 0.5
t_trunc 200
w0 0.97
t_coh 400
optimizer full_de

INFO:root:Pretraining begins...
INFO:root:Pretraining finishes, reference pmf obtained.
INFO:root:The best tau found: (38,)
The best cut-off is located at: [0.97977868]
The best key rate is 0.022540253229122773

INFO:root:-------------------------------------------
INFO:root:Saving data...
INFO:root:Data saved at "data/tau_opt-20200501-120515.pickle"
INFO:root:-------------------------------------------
INFO:root:Optimization of the cut-off time

INFO:root:Parameters:
protocol (0,)
p_gen 0.1
p_swap 0.5
t_trunc 200
w0 0.97
t_coh 400
optimizer uniform_de

INFO:root:Pretraining begins...
INFO:root:Pretraining finishes, reference pmf obtained.
INFO:root:The best tau found: (38,)
The best cut-off is located at: [0.72972032]
The best key rate is 0.022540253229122773

INFO:root:-------------------------------------------
INFO:root:Saving data...
INFO:root:Data saved at "data/tau_opt-20200501-120515.pickle"
INFO:root:-------------------------------------------
INFO:root:Optimization of the cut-off time

INFO:root:Parameters:
protocol (0,)
p_gen 0.1
p_swap 0.5
t_trunc 200
w0 0.97
t_coh 450
optimizer full_de

INFO:root:Pretraining begins...
INFO:root:Pretraining finishes, reference pmf obtained.
INFO:root:The best tau found: (39,)
The best cut-off is located at: [0.98299792]
The best key rate is 0.022780906727585506

INFO:root:-------------------------------------------
INFO:root:Saving data...
INFO:root:Data saved at "data/tau_opt-20200501-120515.pickle"
INFO:root:-------------------------------------------
INFO:root:Optimization of the cut-off time

INFO:root:Parameters:
protocol (0,)
p_gen 0.1
p_swap 0.5
t_trunc 200
w0 0.97
t_coh 450
optimizer uniform_de

INFO:root:Pretraining begins...
INFO:root:Pretraining finishes, reference pmf obtained.
INFO:root:The best tau found: (39,)
The best cut-off is located at: [0.7466503]
The best key rate is 0.022780906727585506

INFO:root:-------------------------------------------
INFO:root:Saving data...
INFO:root:Data saved at "data/tau_opt-20200501-120515.pickle"
INFO:root:-------------------------------------------
INFO:root:Optimization of the cut-off time

INFO:root:Parameters:
protocol (0,)
p_gen 0.1
p_swap 0.5
t_trunc 200
w0 0.97
t_coh 500
optimizer full_de

INFO:root:Pretraining begins...
INFO:root:Pretraining finishes, reference pmf obtained.
INFO:root:The best tau found: (44,)
The best cut-off is located at: [0.98926402]
The best key rate is 0.022980017880731972

INFO:root:-------------------------------------------
INFO:root:Saving data...
INFO:root:Data saved at "data/tau_opt-20200501-120515.pickle"
INFO:root:-------------------------------------------
INFO:root:Optimization of the cut-off time

INFO:root:Parameters:
protocol (0,)
p_gen 0.1
p_swap 0.5
t_trunc 200
w0 0.97
t_coh 500
optimizer uniform_de

INFO:root:Pretraining begins...
INFO:root:Pretraining finishes, reference pmf obtained.
INFO:root:The best tau found: (43,)
The best cut-off is located at: [0.77813835]
The best key rate is 0.022979863592422104

INFO:root:-------------------------------------------
INFO:root:Saving data...
INFO:root:Data saved at "data/tau_opt-20200501-120515.pickle"
INFO:root:-------------------------------------------
INFO:root:Optimization of the cut-off time

INFO:root:Parameters:
protocol (0,)
p_gen 0.1
p_swap 0.5
t_trunc 200
w0 0.97
t_coh 550
optimizer full_de

INFO:root:Pretraining begins...
INFO:root:Pretraining finishes, reference pmf obtained.
INFO:root:Local optimal check fails. The best tau found is not optimal. Neighboring tau = (36,) is better with an increase in the secrete key rate of 0.02%.

INFO:root:The current tau found: (35,)
The current cut-off is located at: [0.97489738]
The current key rate is 0.023121229621428686
INFO:root:The following change has been made to the parameters:
INFO:root:'popsize' is increased to 15.
INFO:root:Search region for tau[0] is restricted to (15,201).
INFO:root:Optimization fails to find the best cut-off. Restarting.

INFO:root:The best tau found: (48,)
The best cut-off is located at: [0.96213119]
The best key rate is 0.02314615732388932

INFO:root:-------------------------------------------
INFO:root:Saving data...
INFO:root:Data saved at "data/tau_opt-20200501-120515.pickle"
INFO:root:-------------------------------------------
INFO:root:Optimization of the cut-off time

INFO:root:Parameters:
protocol (0,)
p_gen 0.1
p_swap 0.5
t_trunc 200
w0 0.97
t_coh 550
optimizer uniform_de

INFO:root:Pretraining begins...
INFO:root:Pretraining finishes, reference pmf obtained.
INFO:root:The best tau found: (48,)
The best cut-off is located at: [0.81918878]
The best key rate is 0.02314615732388932

INFO:root:-------------------------------------------
INFO:root:Saving data...
INFO:root:Data saved at "data/tau_opt-20200501-120515.pickle"
INFO:root:-------------------------------------------
INFO:root:Optimization of the cut-off time

INFO:root:Parameters:
protocol (0,)
p_gen 0.1
p_swap 0.5
t_trunc 200
w0 0.97
t_coh 600
optimizer full_de

INFO:root:Pretraining begins...
INFO:root:Pretraining finishes, reference pmf obtained.
INFO:root:The best tau found: (45,)
The best cut-off is located at: [0.99092567]
The best key rate is 0.023284977563305175

INFO:root:-------------------------------------------
INFO:root:Saving data...
INFO:root:Data saved at "data/tau_opt-20200501-120515.pickle"
INFO:root:-------------------------------------------
INFO:root:Optimization of the cut-off time

INFO:root:Parameters:
protocol (0,)
p_gen 0.1
p_swap 0.5
t_trunc 200
w0 0.97
t_coh 600
optimizer uniform_de

INFO:root:Pretraining begins...
INFO:root:Pretraining finishes, reference pmf obtained.
INFO:root:The best tau found: (55,)
The best cut-off is located at: [0.86238219]
The best key rate is 0.02328654267097997

INFO:root:-------------------------------------------
INFO:root:Saving data...
INFO:root:Data saved at "data/tau_opt-20200501-120515.pickle"
INFO:root:-------------------------------------------
INFO:root:Optimization of the cut-off time

INFO:root:Parameters:
protocol (0,)
p_gen 0.1
p_swap 0.5
t_trunc 200
w0 0.97
t_coh 700
optimizer full_de

INFO:root:Pretraining begins...
INFO:root:Pretraining finishes, reference pmf obtained.
INFO:root:The best tau found: (75,)
The best cut-off is located at: [0.99960903]
The best key rate is 0.023510840947676588

INFO:root:-------------------------------------------
INFO:root:Saving data...
INFO:root:Data saved at "data/tau_opt-20200501-120515.pickle"
INFO:root:-------------------------------------------
INFO:root:Optimization of the cut-off time

INFO:root:Parameters:
protocol (0,)
p_gen 0.1
p_swap 0.5
t_trunc 200
w0 0.97
t_coh 700
optimizer uniform_de

INFO:root:Pretraining begins...
INFO:root:Pretraining finishes, reference pmf obtained.
INFO:root:The best tau found: (55,)
The best cut-off is located at: [0.86521503]
The best key rate is 0.023512785379549185

INFO:root:-------------------------------------------
INFO:root:Saving data...
INFO:root:Data saved at "data/tau_opt-20200501-120515.pickle"
INFO:root:-------------------------------------------
INFO:root:Optimization of the cut-off time

INFO:root:Parameters:
protocol (0,)
p_gen 0.1
p_swap 0.5
t_trunc 200
w0 0.97
t_coh 800
optimizer full_de

INFO:root:Pretraining begins...
INFO:root:Pretraining finishes, reference pmf obtained.
INFO:root:Local optimal check fails. The best tau found is not optimal. Neighboring tau = (34,) is better with an increase in the secrete key rate of 0.05%.

INFO:root:The current tau found: (33,)
The current cut-off is located at: [0.96726456]
The current key rate is 0.023598672107122326
INFO:root:The following change has been made to the parameters:
INFO:root:'popsize' is increased to 15.
INFO:root:Search region for tau[0] is restricted to (14,201).
INFO:root:Optimization fails to find the best cut-off. Restarting.

INFO:root:The best tau found: (55,)
The best cut-off is located at: [0.97838778]
The best key rate is 0.023684436051661067

INFO:root:-------------------------------------------
INFO:root:Saving data...
INFO:root:Data saved at "data/tau_opt-20200501-120515.pickle"
INFO:root:-------------------------------------------
INFO:root:Optimization of the cut-off time

INFO:root:Parameters:
protocol (0,)
p_gen 0.1
p_swap 0.5
t_trunc 200
w0 0.97
t_coh 800
optimizer uniform_de

INFO:root:Pretraining begins...
INFO:root:Pretraining finishes, reference pmf obtained.
INFO:root:The best tau found: (65,)
The best cut-off is located at: [0.90754871]
The best key rate is 0.023685420935072126

INFO:root:-------------------------------------------
INFO:root:Saving data...
INFO:root:Data saved at "data/tau_opt-20200501-120515.pickle"
INFO:root:-------------------------------------------
INFO:root:Optimization of the cut-off time

INFO:root:Parameters:
protocol (0,)
p_gen 0.1
p_swap 0.5
t_trunc 200
w0 0.97
t_coh 1000
optimizer full_de

INFO:root:Pretraining begins...
INFO:root:Pretraining finishes, reference pmf obtained.
INFO:root:Local optimal check fails. The best tau found is not optimal. Neighboring tau = (45,) is better with an increase in the secrete key rate of 0.01%.

INFO:root:The current tau found: (44,)
The current cut-off is located at: [0.98941924]
The current key rate is 0.023908248902889017
INFO:root:The following change has been made to the parameters:
INFO:root:'popsize' is increased to 15.
INFO:root:Search region for tau[0] is restricted to (15,201).
INFO:root:Optimization fails to find the best cut-off. Restarting.

INFO:root:The best tau found: (96,)
The best cut-off is located at: [0.9908206]
The best key rate is 0.023930942858801884

INFO:root:-------------------------------------------
INFO:root:Saving data...
INFO:root:Data saved at "data/tau_opt-20200501-120515.pickle"
INFO:root:-------------------------------------------
INFO:root:Optimization of the cut-off time

INFO:root:Parameters:
protocol (0,)
p_gen 0.1
p_swap 0.5
t_trunc 200
w0 0.97
t_coh 1000
optimizer uniform_de

INFO:root:Pretraining begins...
INFO:root:Pretraining finishes, reference pmf obtained.
INFO:root:The best tau found: (69,)
The best cut-off is located at: [0.92010137]
The best key rate is 0.0239312854376302

INFO:root:-------------------------------------------
INFO:root:Saving data...
INFO:root:Data saved at "data/tau_opt-20200501-120515.pickle"
INFO:root:-------------------------------------------
INFO:root:Optimization of the cut-off time

INFO:root:Parameters:
protocol (0,)
p_gen 0.1
p_swap 0.5
t_trunc 200
w0 0.97
t_coh 1200
optimizer full_de

INFO:root:Pretraining begins...
INFO:root:Pretraining finishes, reference pmf obtained.
INFO:root:The best tau found: (61,)
The best cut-off is located at: [0.99828313]
The best key rate is 0.0240955352496697

INFO:root:-------------------------------------------
INFO:root:Saving data...
INFO:root:Data saved at "data/tau_opt-20200501-120515.pickle"
INFO:root:-------------------------------------------
INFO:root:Optimization of the cut-off time

INFO:root:Parameters:
protocol (0,)
p_gen 0.1
p_swap 0.5
t_trunc 200
w0 0.97
t_coh 1200
optimizer uniform_de

INFO:root:Pretraining begins...
INFO:root:Pretraining finishes, reference pmf obtained.
INFO:root:The best tau found: (72,)
The best cut-off is located at: [0.93145665]
The best key rate is 0.024097575889845454

INFO:root:-------------------------------------------
INFO:root:Saving data...
INFO:root:Data saved at "data/tau_opt-20200501-120515.pickle"
INFO:root:-------------------------------------------
INFO:root:Optimization of the cut-off time

INFO:root:Parameters:
protocol (0,)
p_gen 0.1
p_swap 0.5
t_trunc 200
w0 0.98
t_coh 300
optimizer full_de

INFO:root:Pretraining begins...
INFO:root:Pretraining finishes, reference pmf obtained.
INFO:root:The best tau found: (30,)
The best cut-off is located at: [0.95516196]
The best key rate is 0.02393665163860853

INFO:root:-------------------------------------------
INFO:root:Saving data...
INFO:root:Data saved at "data/tau_opt-20200501-120515.pickle"
INFO:root:-------------------------------------------
INFO:root:Optimization of the cut-off time

INFO:root:Parameters:
protocol (0,)
p_gen 0.1
p_swap 0.5
t_trunc 200
w0 0.98
t_coh 300
optimizer uniform_de

INFO:root:Pretraining begins...
INFO:root:Pretraining finishes, reference pmf obtained.
INFO:root:The best tau found: (30,)
The best cut-off is located at: [0.63377146]
The best key rate is 0.02393665163860853

INFO:root:-------------------------------------------
INFO:root:Saving data...
INFO:root:Data saved at "data/tau_opt-20200501-120515.pickle"
INFO:root:-------------------------------------------
INFO:root:Optimization of the cut-off time

INFO:root:Parameters:
protocol (0,)
p_gen 0.1
p_swap 0.5
t_trunc 200
w0 0.98
t_coh 350
optimizer full_de

INFO:root:Pretraining begins...
INFO:root:Pretraining finishes, reference pmf obtained.
INFO:root:The best tau found: (34,)
The best cut-off is located at: [0.96954222]
The best key rate is 0.02435480997520752

INFO:root:-------------------------------------------
INFO:root:Saving data...
INFO:root:Data saved at "data/tau_opt-20200501-120515.pickle"
INFO:root:-------------------------------------------
INFO:root:Optimization of the cut-off time

INFO:root:Parameters:
protocol (0,)
p_gen 0.1
p_swap 0.5
t_trunc 200
w0 0.98
t_coh 350
optimizer uniform_de

INFO:root:Pretraining begins...
INFO:root:Pretraining finishes, reference pmf obtained.
INFO:root:The best tau found: (32,)
The best cut-off is located at: [0.66099602]
The best key rate is 0.024354084392157277

INFO:root:-------------------------------------------
INFO:root:Saving data...
INFO:root:Data saved at "data/tau_opt-20200501-120515.pickle"
INFO:root:-------------------------------------------
INFO:root:Optimization of the cut-off time

INFO:root:Parameters:
protocol (0,)
p_gen 0.1
p_swap 0.5
t_trunc 200
w0 0.98
t_coh 400
optimizer full_de

INFO:root:Pretraining begins...
INFO:root:Pretraining finishes, reference pmf obtained.
INFO:root:The best tau found: (35,)
The best cut-off is located at: [0.97382372]
The best key rate is 0.02468452762821214

INFO:root:-------------------------------------------
INFO:root:Saving data...
INFO:root:Data saved at "data/tau_opt-20200501-120515.pickle"
INFO:root:-------------------------------------------
INFO:root:Optimization of the cut-off time

INFO:root:Parameters:
protocol (0,)
p_gen 0.1
p_swap 0.5
t_trunc 200
w0 0.98
t_coh 400
optimizer uniform_de

INFO:root:Pretraining begins...
INFO:root:Pretraining finishes, reference pmf obtained.
INFO:root:The best tau found: (37,)
The best cut-off is located at: [0.7208005]
The best key rate is 0.024685614167794755

INFO:root:-------------------------------------------
INFO:root:Saving data...
INFO:root:Data saved at "data/tau_opt-20200501-120515.pickle"
INFO:root:-------------------------------------------
INFO:root:Optimization of the cut-off time

INFO:root:Parameters:
protocol (0,)
p_gen 0.1
p_swap 0.5
t_trunc 200
w0 0.98
t_coh 450
optimizer full_de

INFO:root:Pretraining begins...
INFO:root:Pretraining finishes, reference pmf obtained.
INFO:root:The best tau found: (38,)
The best cut-off is located at: [0.980285]
The best key rate is 0.02495218930930824

INFO:root:-------------------------------------------
INFO:root:Saving data...
INFO:root:Data saved at "data/tau_opt-20200501-120515.pickle"
INFO:root:-------------------------------------------
INFO:root:Optimization of the cut-off time

INFO:root:Parameters:
protocol (0,)
p_gen 0.1
p_swap 0.5
t_trunc 200
w0 0.98
t_coh 450
optimizer uniform_de

INFO:root:Pretraining begins...
INFO:root:Pretraining finishes, reference pmf obtained.
INFO:root:The best tau found: (40,)
The best cut-off is located at: [0.75447111]
The best key rate is 0.024953238603964856

INFO:root:-------------------------------------------
INFO:root:Saving data...
INFO:root:Data saved at "data/tau_opt-20200501-120515.pickle"
INFO:root:-------------------------------------------
INFO:root:Optimization of the cut-off time

INFO:root:Parameters:
protocol (0,)
p_gen 0.1
p_swap 0.5
t_trunc 200
w0 0.98
t_coh 500
optimizer full_de

INFO:root:Pretraining begins...
INFO:root:Pretraining finishes, reference pmf obtained.
INFO:root:The best tau found: (41,)
The best cut-off is located at: [0.98598004]
The best key rate is 0.02517315064283287

INFO:root:-------------------------------------------
INFO:root:Saving data...
INFO:root:Data saved at "data/tau_opt-20200501-120515.pickle"
INFO:root:-------------------------------------------
INFO:root:Optimization of the cut-off time

INFO:root:Parameters:
protocol (0,)
p_gen 0.1
p_swap 0.5
t_trunc 200
w0 0.98
t_coh 500
optimizer uniform_de

INFO:root:Pretraining begins...
INFO:root:Pretraining finishes, reference pmf obtained.
INFO:root:The best tau found: (56,)
The best cut-off is located at: [0.86867814]
The best key rate is 0.0251664723206102

INFO:root:-------------------------------------------
INFO:root:Saving data...
INFO:root:Data saved at "data/tau_opt-20200501-120515.pickle"
INFO:root:-------------------------------------------
INFO:root:Optimization of the cut-off time

INFO:root:Parameters:
protocol (0,)
p_gen 0.1
p_swap 0.5
t_trunc 200
w0 0.98
t_coh 550
optimizer full_de

INFO:root:Pretraining begins...
INFO:root:Pretraining finishes, reference pmf obtained.
INFO:root:Local optimal check fails. The best tau found is not optimal. Neighboring tau = (37,) is better with an increase in the secrete key rate of 0.02%.

INFO:root:The current tau found: (36,)
The current cut-off is located at: [0.97668923]
The current key rate is 0.02533967634882905
INFO:root:The following change has been made to the parameters:
INFO:root:'popsize' is increased to 15.
INFO:root:Search region for tau[0] is restricted to (15,201).
INFO:root:Optimization fails to find the best cut-off. Restarting.

INFO:root:The best tau found: (45,)
The best cut-off is located at: [0.94971272]
The best key rate is 0.02535888087893885

INFO:root:-------------------------------------------
INFO:root:Saving data...
INFO:root:Data saved at "data/tau_opt-20200501-120515.pickle"
INFO:root:-------------------------------------------
INFO:root:Optimization of the cut-off time

INFO:root:Parameters:
protocol (0,)
p_gen 0.1
p_swap 0.5
t_trunc 200
w0 0.98
t_coh 550
optimizer uniform_de

INFO:root:Pretraining begins...
INFO:root:Pretraining finishes, reference pmf obtained.
INFO:root:The best tau found: (44,)
The best cut-off is located at: [0.79186546]
The best key rate is 0.0253584330977308

INFO:root:-------------------------------------------
INFO:root:Saving data...
INFO:root:Data saved at "data/tau_opt-20200501-120515.pickle"
INFO:root:-------------------------------------------
INFO:root:Optimization of the cut-off time

INFO:root:Parameters:
protocol (0,)
p_gen 0.1
p_swap 0.5
t_trunc 200
w0 0.98
t_coh 600
optimizer full_de

INFO:root:Pretraining begins...
INFO:root:Pretraining finishes, reference pmf obtained.
INFO:root:The best tau found: (47,)
The best cut-off is located at: [0.9925209]
The best key rate is 0.025515864222607508

INFO:root:-------------------------------------------
INFO:root:Saving data...
INFO:root:Data saved at "data/tau_opt-20200501-120515.pickle"
INFO:root:-------------------------------------------
INFO:root:Optimization of the cut-off time

INFO:root:Parameters:
protocol (0,)
p_gen 0.1
p_swap 0.5
t_trunc 200
w0 0.98
t_coh 600
optimizer uniform_de

INFO:root:Pretraining begins...
INFO:root:Pretraining finishes, reference pmf obtained.
INFO:root:The best tau found: (48,)
The best cut-off is located at: [0.82266736]
The best key rate is 0.025516189504439804

INFO:root:-------------------------------------------
INFO:root:Saving data...
INFO:root:Data saved at "data/tau_opt-20200501-120515.pickle"
INFO:root:-------------------------------------------
INFO:root:Optimization of the cut-off time

INFO:root:Parameters:
protocol (0,)
p_gen 0.1
p_swap 0.5
t_trunc 200
w0 0.98
t_coh 700
optimizer full_de

INFO:root:Pretraining begins...
INFO:root:Pretraining finishes, reference pmf obtained.
INFO:root:The best tau found: (58,)
The best cut-off is located at: [0.99777031]
The best key rate is 0.025768784184361546

INFO:root:-------------------------------------------
INFO:root:Saving data...
INFO:root:Data saved at "data/tau_opt-20200501-120515.pickle"
INFO:root:-------------------------------------------
INFO:root:Optimization of the cut-off time

INFO:root:Parameters:
protocol (0,)
p_gen 0.1
p_swap 0.5
t_trunc 200
w0 0.98
t_coh 700
optimizer uniform_de

INFO:root:Pretraining begins...
INFO:root:Pretraining finishes, reference pmf obtained.
INFO:root:The best tau found: (51,)
The best cut-off is located at: [0.84273314]
The best key rate is 0.02576801026403614

INFO:root:-------------------------------------------
INFO:root:Saving data...
INFO:root:Data saved at "data/tau_opt-20200501-120515.pickle"
INFO:root:-------------------------------------------
INFO:root:Optimization of the cut-off time

INFO:root:Parameters:
protocol (0,)
p_gen 0.1
p_swap 0.5
t_trunc 200
w0 0.98
t_coh 800
optimizer full_de

INFO:root:Pretraining begins...
INFO:root:Pretraining finishes, reference pmf obtained.
INFO:root:The best tau found: (46,)
The best cut-off is located at: [0.99130134]
The best key rate is 0.025952776446004352

INFO:root:-------------------------------------------
INFO:root:Saving data...
INFO:root:Data saved at "data/tau_opt-20200501-120515.pickle"
INFO:root:-------------------------------------------
INFO:root:Optimization of the cut-off time

INFO:root:Parameters:
protocol (0,)
p_gen 0.1
p_swap 0.5
t_trunc 200
w0 0.98
t_coh 800
optimizer uniform_de

INFO:root:Pretraining begins...
INFO:root:Pretraining finishes, reference pmf obtained.
INFO:root:The best tau found: (62,)
The best cut-off is located at: [0.89451369]
The best key rate is 0.025962300351147823

INFO:root:-------------------------------------------
INFO:root:Saving data...
INFO:root:Data saved at "data/tau_opt-20200501-120515.pickle"
INFO:root:-------------------------------------------
INFO:root:Optimization of the cut-off time

INFO:root:Parameters:
protocol (0,)
p_gen 0.1
p_swap 0.5
t_trunc 200
w0 0.98
t_coh 1000
optimizer full_de

INFO:root:Pretraining begins...
INFO:root:Pretraining finishes, reference pmf obtained.
INFO:root:The best tau found: (89,)
The best cut-off is located at: [0.99991088]
The best key rate is 0.02623819278599606

INFO:root:-------------------------------------------
INFO:root:Saving data...
INFO:root:Data saved at "data/tau_opt-20200501-120515.pickle"
INFO:root:-------------------------------------------
INFO:root:Optimization of the cut-off time

INFO:root:Parameters:
protocol (0,)
p_gen 0.1
p_swap 0.5
t_trunc 200
w0 0.98
t_coh 1000
optimizer uniform_de

INFO:root:Pretraining begins...
INFO:root:Pretraining finishes, reference pmf obtained.
INFO:root:The best tau found: (71,)
The best cut-off is located at: [0.92869677]
The best key rate is 0.026238588403656175

INFO:root:-------------------------------------------
INFO:root:Saving data...
INFO:root:Data saved at "data/tau_opt-20200501-120515.pickle"
INFO:root:-------------------------------------------
INFO:root:Optimization of the cut-off time

INFO:root:Parameters:
protocol (0,)
p_gen 0.1
p_swap 0.5
t_trunc 200
w0 0.98
t_coh 1200
optimizer full_de

INFO:root:Pretraining begins...
INFO:root:Pretraining finishes, reference pmf obtained.
INFO:root:The best tau found: (65,)
The best cut-off is located at: [0.99893577]
The best key rate is 0.026425050165797836

INFO:root:-------------------------------------------
INFO:root:Saving data...
INFO:root:Data saved at "data/tau_opt-20200501-120515.pickle"
INFO:root:-------------------------------------------
INFO:root:Optimization of the cut-off time

INFO:root:Parameters:
protocol (0,)
p_gen 0.1
p_swap 0.5
t_trunc 200
w0 0.98
t_coh 1200
optimizer uniform_de

INFO:root:Pretraining begins...
INFO:root:Pretraining finishes, reference pmf obtained.
INFO:root:The best tau found: (90,)
The best cut-off is located at: [0.96550246]
The best key rate is 0.026426010998427566

INFO:root:-------------------------------------------
INFO:root:Saving data...
INFO:root:Data saved at "data/tau_opt-20200501-120515.pickle"
INFO:root:-------------------------------------------
INFO:root:Optimization of the cut-off time

INFO:root:Parameters:
protocol (0,)
p_gen 0.1
p_swap 0.5
t_trunc 200
w0 0.99
t_coh 300
optimizer full_de

INFO:root:Pretraining begins...
INFO:root:Pretraining finishes, reference pmf obtained.
INFO:root:Local optimal check fails. The best tau found is not optimal. Neighboring tau = (32,) is better with an increase in the secrete key rate of 0.02%.

INFO:root:The current tau found: (33,)
The current cut-off is located at: [0.96614625]
The current key rate is 0.026219266943045973
INFO:root:The following change has been made to the parameters:
INFO:root:'popsize' is increased to 15.
INFO:root:Search region for tau[0] is restricted to (14,201).
INFO:root:Optimization fails to find the best cut-off. Restarting.

INFO:root:The best tau found: (30,)
The best cut-off is located at: [0.81785071]
The best key rate is 0.02622886910554847

INFO:root:-------------------------------------------
INFO:root:Saving data...
INFO:root:Data saved at "data/tau_opt-20200501-120515.pickle"
INFO:root:-------------------------------------------
INFO:root:Optimization of the cut-off time

INFO:root:Parameters:
protocol (0,)
p_gen 0.1
p_swap 0.5
t_trunc 200
w0 0.99
t_coh 300
optimizer uniform_de

INFO:root:Pretraining begins...
INFO:root:Pretraining finishes, reference pmf obtained.
INFO:root:The best tau found: (30,)
The best cut-off is located at: [0.63692642]
The best key rate is 0.02622886910554847

INFO:root:-------------------------------------------
INFO:root:Saving data...
INFO:root:Data saved at "data/tau_opt-20200501-120515.pickle"
INFO:root:-------------------------------------------
INFO:root:Optimization of the cut-off time

INFO:root:Parameters:
protocol (0,)
p_gen 0.1
p_swap 0.5
t_trunc 200
w0 0.99
t_coh 350
optimizer full_de

INFO:root:Pretraining begins...
INFO:root:Pretraining finishes, reference pmf obtained.
INFO:root:The best tau found: (33,)
The best cut-off is located at: [0.96865697]
The best key rate is 0.026698806996334683

INFO:root:-------------------------------------------
INFO:root:Saving data...
INFO:root:Data saved at "data/tau_opt-20200501-120515.pickle"
INFO:root:-------------------------------------------
INFO:root:Optimization of the cut-off time

INFO:root:Parameters:
protocol (0,)
p_gen 0.1
p_swap 0.5
t_trunc 200
w0 0.99
t_coh 350
optimizer uniform_de

INFO:root:Pretraining begins...
INFO:root:Pretraining finishes, reference pmf obtained.
INFO:root:The best tau found: (33,)
The best cut-off is located at: [0.67134057]
The best key rate is 0.026698806996334683

INFO:root:-------------------------------------------
INFO:root:Saving data...
INFO:root:Data saved at "data/tau_opt-20200501-120515.pickle"
INFO:root:-------------------------------------------
INFO:root:Optimization of the cut-off time

INFO:root:Parameters:
protocol (0,)
p_gen 0.1
p_swap 0.5
t_trunc 200
w0 0.99
t_coh 400
optimizer full_de

INFO:root:Pretraining begins...
INFO:root:Pretraining finishes, reference pmf obtained.
INFO:root:The best tau found: (35,)
The best cut-off is located at: [0.97308696]
The best key rate is 0.027071281230926662

INFO:root:-------------------------------------------
INFO:root:Saving data...
INFO:root:Data saved at "data/tau_opt-20200501-120515.pickle"
INFO:root:-------------------------------------------
INFO:root:Optimization of the cut-off time

INFO:root:Parameters:
protocol (0,)
p_gen 0.1
p_swap 0.5
t_trunc 200
w0 0.99
t_coh 400
optimizer uniform_de

INFO:root:Pretraining begins...
INFO:root:Pretraining finishes, reference pmf obtained.
INFO:root:The best tau found: (36,)
The best cut-off is located at: [0.71652911]
The best key rate is 0.02707151556846305

INFO:root:-------------------------------------------
INFO:root:Saving data...
INFO:root:Data saved at "data/tau_opt-20200501-120515.pickle"
INFO:root:-------------------------------------------
INFO:root:Optimization of the cut-off time

INFO:root:Parameters:
protocol (0,)
p_gen 0.1
p_swap 0.5
t_trunc 200
w0 0.99
t_coh 450
optimizer full_de

INFO:root:Pretraining begins...
INFO:root:Pretraining finishes, reference pmf obtained.
INFO:root:The best tau found: (39,)
The best cut-off is located at: [0.98340681]
The best key rate is 0.027374337490696968

INFO:root:-------------------------------------------
INFO:root:Saving data...
INFO:root:Data saved at "data/tau_opt-20200501-120515.pickle"
INFO:root:-------------------------------------------
INFO:root:Optimization of the cut-off time

INFO:root:Parameters:
protocol (0,)
p_gen 0.1
p_swap 0.5
t_trunc 200
w0 0.99
t_coh 450
optimizer uniform_de

INFO:root:Pretraining begins...
INFO:root:Pretraining finishes, reference pmf obtained.
INFO:root:The best tau found: (41,)
The best cut-off is located at: [0.76653246]
The best key rate is 0.027373594245952516

INFO:root:-------------------------------------------
INFO:root:Saving data...
INFO:root:Data saved at "data/tau_opt-20200501-120515.pickle"
INFO:root:-------------------------------------------
INFO:root:Optimization of the cut-off time

INFO:root:Parameters:
protocol (0,)
p_gen 0.1
p_swap 0.5
t_trunc 200
w0 0.99
t_coh 500
optimizer full_de

INFO:root:Pretraining begins...
INFO:root:Pretraining finishes, reference pmf obtained.
INFO:root:The best tau found: (43,)
The best cut-off is located at: [0.98887699]
The best key rate is 0.027625028585206525

INFO:root:-------------------------------------------
INFO:root:Saving data...
INFO:root:Data saved at "data/tau_opt-20200501-120515.pickle"
INFO:root:-------------------------------------------
INFO:root:Optimization of the cut-off time

INFO:root:Parameters:
protocol (0,)
p_gen 0.1
p_swap 0.5
t_trunc 200
w0 0.99
t_coh 500
optimizer uniform_de

INFO:root:Pretraining begins...
INFO:root:Pretraining finishes, reference pmf obtained.
INFO:root:The best tau found: (40,)
The best cut-off is located at: [0.7577116]
The best key rate is 0.027624299280054474

INFO:root:-------------------------------------------
INFO:root:Saving data...
INFO:root:Data saved at "data/tau_opt-20200501-120515.pickle"
INFO:root:-------------------------------------------
INFO:root:Optimization of the cut-off time

INFO:root:Parameters:
protocol (0,)
p_gen 0.1
p_swap 0.5
t_trunc 200
w0 0.99
t_coh 550
optimizer full_de

INFO:root:Pretraining begins...
INFO:root:Pretraining finishes, reference pmf obtained.
INFO:root:The best tau found: (44,)
The best cut-off is located at: [0.99000569]
The best key rate is 0.027835910983929124

INFO:root:-------------------------------------------
INFO:root:Saving data...
INFO:root:Data saved at "data/tau_opt-20200501-120515.pickle"
INFO:root:-------------------------------------------
INFO:root:Optimization of the cut-off time

INFO:root:Parameters:
protocol (0,)
p_gen 0.1
p_swap 0.5
t_trunc 200
w0 0.99
t_coh 550
optimizer uniform_de

INFO:root:Pretraining begins...
INFO:root:Pretraining finishes, reference pmf obtained.
INFO:root:The best tau found: (43,)
The best cut-off is located at: [0.77907435]
The best key rate is 0.02783549208362014

INFO:root:-------------------------------------------
INFO:root:Saving data...
INFO:root:Data saved at "data/tau_opt-20200501-120515.pickle"
INFO:root:-------------------------------------------
INFO:root:Optimization of the cut-off time

INFO:root:Parameters:
protocol (0,)
p_gen 0.1
p_swap 0.5
t_trunc 200
w0 0.99
t_coh 600
optimizer full_de

INFO:root:Pretraining begins...
INFO:root:Pretraining finishes, reference pmf obtained.
INFO:root:The best tau found: (62,)
The best cut-off is located at: [0.99851829]
The best key rate is 0.028010513054138927

INFO:root:-------------------------------------------
INFO:root:Saving data...
INFO:root:Data saved at "data/tau_opt-20200501-120515.pickle"
INFO:root:-------------------------------------------
INFO:root:Optimization of the cut-off time

INFO:root:Parameters:
protocol (0,)
p_gen 0.1
p_swap 0.5
t_trunc 200
w0 0.99
t_coh 600
optimizer uniform_de

INFO:root:Pretraining begins...
INFO:root:Pretraining finishes, reference pmf obtained.
INFO:root:The best tau found: (48,)
The best cut-off is located at: [0.82036797]
The best key rate is 0.028015864023908668

INFO:root:-------------------------------------------
INFO:root:Saving data...
INFO:root:Data saved at "data/tau_opt-20200501-120515.pickle"
INFO:root:-------------------------------------------
INFO:root:Optimization of the cut-off time

INFO:root:Parameters:
protocol (0,)
p_gen 0.1
p_swap 0.5
t_trunc 200
w0 0.99
t_coh 700
optimizer full_de

INFO:root:Pretraining begins...
INFO:root:Pretraining finishes, reference pmf obtained.
INFO:root:The best tau found: (54,)
The best cut-off is located at: [0.99633865]
The best key rate is 0.028305715656213686

INFO:root:-------------------------------------------
INFO:root:Saving data...
INFO:root:Data saved at "data/tau_opt-20200501-120515.pickle"
INFO:root:-------------------------------------------
INFO:root:Optimization of the cut-off time

INFO:root:Parameters:
protocol (0,)
p_gen 0.1
p_swap 0.5
t_trunc 200
w0 0.99
t_coh 700
optimizer uniform_de

INFO:root:Pretraining begins...
INFO:root:Pretraining finishes, reference pmf obtained.
INFO:root:The best tau found: (51,)
The best cut-off is located at: [0.83901525]
The best key rate is 0.028305368427393438

INFO:root:-------------------------------------------
INFO:root:Saving data...
INFO:root:Data saved at "data/tau_opt-20200501-120515.pickle"
INFO:root:-------------------------------------------
INFO:root:Optimization of the cut-off time

INFO:root:Parameters:
protocol (0,)
p_gen 0.1
p_swap 0.5
t_trunc 200
w0 0.99
t_coh 800
optimizer full_de

INFO:root:Pretraining begins...
INFO:root:Pretraining finishes, reference pmf obtained.
INFO:root:The best tau found: (81,)
The best cut-off is located at: [0.99978443]
The best key rate is 0.028526656754916526

INFO:root:-------------------------------------------
INFO:root:Saving data...
INFO:root:Data saved at "data/tau_opt-20200501-120515.pickle"
INFO:root:-------------------------------------------
INFO:root:Optimization of the cut-off time

INFO:root:Parameters:
protocol (0,)
p_gen 0.1
p_swap 0.5
t_trunc 200
w0 0.99
t_coh 800
optimizer uniform_de

INFO:root:Pretraining begins...
INFO:root:Pretraining finishes, reference pmf obtained.
INFO:root:The best tau found: (58,)
The best cut-off is located at: [0.8792237]
The best key rate is 0.028528863220316336

INFO:root:-------------------------------------------
INFO:root:Saving data...
INFO:root:Data saved at "data/tau_opt-20200501-120515.pickle"
INFO:root:-------------------------------------------
INFO:root:Optimization of the cut-off time

INFO:root:Parameters:
protocol (0,)
p_gen 0.1
p_swap 0.5
t_trunc 200
w0 0.99
t_coh 1000
optimizer full_de

INFO:root:Pretraining begins...
INFO:root:Pretraining finishes, reference pmf obtained.
INFO:root:The best tau found: (68,)
The best cut-off is located at: [0.99916394]
The best key rate is 0.02884942396330989

INFO:root:-------------------------------------------
INFO:root:Saving data...
INFO:root:Data saved at "data/tau_opt-20200501-120515.pickle"
INFO:root:-------------------------------------------
INFO:root:Optimization of the cut-off time

INFO:root:Parameters:
protocol (0,)
p_gen 0.1
p_swap 0.5
t_trunc 200
w0 0.99
t_coh 1000
optimizer uniform_de

INFO:root:Pretraining begins...
INFO:root:Pretraining finishes, reference pmf obtained.
INFO:root:The best tau found: (68,)
The best cut-off is located at: [0.91684018]
The best key rate is 0.02884942396330989

INFO:root:-------------------------------------------
INFO:root:Saving data...
INFO:root:Data saved at "data/tau_opt-20200501-120515.pickle"
INFO:root:-------------------------------------------
INFO:root:Optimization of the cut-off time

INFO:root:Parameters:
protocol (0,)
p_gen 0.1
p_swap 0.5
t_trunc 200
w0 0.99
t_coh 1200
optimizer full_de

INFO:root:Pretraining begins...
INFO:root:Pretraining finishes, reference pmf obtained.
INFO:root:The best tau found: (62,)
The best cut-off is located at: [0.99853853]
The best key rate is 0.029066597031873892

INFO:root:-------------------------------------------
INFO:root:Saving data...
INFO:root:Data saved at "data/tau_opt-20200501-120515.pickle"
INFO:root:-------------------------------------------
INFO:root:Optimization of the cut-off time

INFO:root:Parameters:
protocol (0,)
p_gen 0.1
p_swap 0.5
t_trunc 200
w0 0.99
t_coh 1200
optimizer uniform_de

INFO:root:Pretraining begins...
INFO:root:Pretraining finishes, reference pmf obtained.
INFO:root:The best tau found: (79,)
The best cut-off is located at: [0.94710874]
The best key rate is 0.02906819070236387

INFO:root:-------------------------------------------
INFO:root:Saving data...
INFO:root:Data saved at "data/tau_opt-20200501-120515.pickle"
INFO:root:-------------------------------------------
INFO:root:Optimization of the cut-off time

INFO:root:Parameters:
protocol (0,)
p_gen 0.1
p_swap 0.5
t_trunc 200
w0 1.0
t_coh 300
optimizer full_de

INFO:root:Pretraining begins...
INFO:root:Pretraining finishes, reference pmf obtained.
INFO:root:Local optimal check fails. The best tau found is not optimal. Neighboring tau = (27,) is better with an increase in the secrete key rate of 0.01%.

INFO:root:The current tau found: (26,)
The current cut-off is located at: [0.92884506]
The current key rate is 0.028834596849705026
INFO:root:The following change has been made to the parameters:
INFO:root:'popsize' is increased to 15.
INFO:root:Search region for tau[0] is restricted to (13,201).
INFO:root:Optimization fails to find the best cut-off. Restarting.

INFO:root:The best tau found: (28,)
The best cut-off is located at: [0.79145508]
The best key rate is 0.028837706983809948

INFO:root:-------------------------------------------
INFO:root:Saving data...
INFO:root:Data saved at "data/tau_opt-20200501-120515.pickle"
INFO:root:-------------------------------------------
INFO:root:Optimization of the cut-off time

INFO:root:Parameters:
protocol (0,)
p_gen 0.1
p_swap 0.5
t_trunc 200
w0 1.0
t_coh 300
optimizer uniform_de

INFO:root:Pretraining begins...
INFO:root:Pretraining finishes, reference pmf obtained.
INFO:root:The best tau found: (27,)
The best cut-off is located at: [0.58285577]
The best key rate is 0.02883750805678247

INFO:root:-------------------------------------------
INFO:root:Saving data...
INFO:root:Data saved at "data/tau_opt-20200501-120515.pickle"
INFO:root:-------------------------------------------
INFO:root:Optimization of the cut-off time

INFO:root:Parameters:
protocol (0,)
p_gen 0.1
p_swap 0.5
t_trunc 200
w0 1.0
t_coh 350
optimizer full_de

INFO:root:Pretraining begins...
INFO:root:Pretraining finishes, reference pmf obtained.
INFO:root:The best tau found: (33,)
The best cut-off is located at: [0.96724138]
The best key rate is 0.02937801035058002

INFO:root:-------------------------------------------
INFO:root:Saving data...
INFO:root:Data saved at "data/tau_opt-20200501-120515.pickle"
INFO:root:-------------------------------------------
INFO:root:Optimization of the cut-off time

INFO:root:Parameters:
protocol (0,)
p_gen 0.1
p_swap 0.5
t_trunc 200
w0 1.0
t_coh 350
optimizer uniform_de

INFO:root:Pretraining begins...
INFO:root:Pretraining finishes, reference pmf obtained.
INFO:root:The best tau found: (31,)
The best cut-off is located at: [0.64890531]
The best key rate is 0.029381555507606114

INFO:root:-------------------------------------------
INFO:root:Saving data...
INFO:root:Data saved at "data/tau_opt-20200501-120515.pickle"
INFO:root:-------------------------------------------
INFO:root:Optimization of the cut-off time

INFO:root:Parameters:
protocol (0,)
p_gen 0.1
p_swap 0.5
t_trunc 200
w0 1.0
t_coh 400
optimizer full_de

INFO:root:Pretraining begins...
INFO:root:Pretraining finishes, reference pmf obtained.
INFO:root:The best tau found: (34,)
The best cut-off is located at: [0.97042493]
The best key rate is 0.029817515055090782

INFO:root:-------------------------------------------
INFO:root:Saving data...
INFO:root:Data saved at "data/tau_opt-20200501-120515.pickle"
INFO:root:-------------------------------------------
INFO:root:Optimization of the cut-off time

INFO:root:Parameters:
protocol (0,)
p_gen 0.1
p_swap 0.5
t_trunc 200
w0 1.0
t_coh 400
optimizer uniform_de

INFO:root:Pretraining begins...
INFO:root:Pretraining finishes, reference pmf obtained.
INFO:root:The best tau found: (33,)
The best cut-off is located at: [0.68183805]
The best key rate is 0.02981746656131343

INFO:root:-------------------------------------------
INFO:root:Saving data...
INFO:root:Data saved at "data/tau_opt-20200501-120515.pickle"
INFO:root:-------------------------------------------
INFO:root:Optimization of the cut-off time

INFO:root:Parameters:
protocol (0,)
p_gen 0.1
p_swap 0.5
t_trunc 200
w0 1.0
t_coh 450
optimizer full_de

INFO:root:Pretraining begins...
INFO:root:Pretraining finishes, reference pmf obtained.
INFO:root:The best tau found: (37,)
The best cut-off is located at: [0.97784444]
The best key rate is 0.03017526212250575

INFO:root:-------------------------------------------
INFO:root:Saving data...
INFO:root:Data saved at "data/tau_opt-20200501-120515.pickle"
INFO:root:-------------------------------------------
INFO:root:Optimization of the cut-off time

INFO:root:Parameters:
protocol (0,)
p_gen 0.1
p_swap 0.5
t_trunc 200
w0 1.0
t_coh 450
optimizer uniform_de

INFO:root:Pretraining begins...
INFO:root:Pretraining finishes, reference pmf obtained.
INFO:root:The best tau found: (36,)
The best cut-off is located at: [0.71309715]
The best key rate is 0.030175373013542832

INFO:root:-------------------------------------------
INFO:root:Saving data...
INFO:root:Data saved at "data/tau_opt-20200501-120515.pickle"
INFO:root:-------------------------------------------
INFO:root:Optimization of the cut-off time

INFO:root:Parameters:
protocol (0,)
p_gen 0.1
p_swap 0.5
t_trunc 200
w0 1.0
t_coh 500
optimizer full_de

INFO:root:Pretraining begins...
INFO:root:Pretraining finishes, reference pmf obtained.
INFO:root:The best tau found: (40,)
The best cut-off is located at: [0.98395641]
The best key rate is 0.03047434633650411

INFO:root:-------------------------------------------
INFO:root:Saving data...
INFO:root:Data saved at "data/tau_opt-20200501-120515.pickle"
INFO:root:-------------------------------------------
INFO:root:Optimization of the cut-off time

INFO:root:Parameters:
protocol (0,)
p_gen 0.1
p_swap 0.5
t_trunc 200
w0 1.0
t_coh 500
optimizer uniform_de

INFO:root:Pretraining begins...
INFO:root:Pretraining finishes, reference pmf obtained.
INFO:root:The best tau found: (40,)
The best cut-off is located at: [0.75609215]
The best key rate is 0.03047434633650411

INFO:root:-------------------------------------------
INFO:root:Saving data...
INFO:root:Data saved at "data/tau_opt-20200501-120515.pickle"
INFO:root:-------------------------------------------
INFO:root:Optimization of the cut-off time

INFO:root:Parameters:
protocol (0,)
p_gen 0.1
p_swap 0.5
t_trunc 200
w0 1.0
t_coh 550
optimizer full_de

INFO:root:Pretraining begins...
INFO:root:Pretraining finishes, reference pmf obtained.
INFO:root:The best tau found: (42,)
The best cut-off is located at: [0.987144]
The best key rate is 0.030728521429533594

INFO:root:-------------------------------------------
INFO:root:Saving data...
INFO:root:Data saved at "data/tau_opt-20200501-120515.pickle"
INFO:root:-------------------------------------------
INFO:root:Optimization of the cut-off time

INFO:root:Parameters:
protocol (0,)
p_gen 0.1
p_swap 0.5
t_trunc 200
w0 1.0
t_coh 550
optimizer uniform_de

INFO:root:Pretraining begins...
INFO:root:Pretraining finishes, reference pmf obtained.
INFO:root:The best tau found: (43,)
The best cut-off is located at: [0.78439225]
The best key rate is 0.03072823855960521

INFO:root:-------------------------------------------
INFO:root:Saving data...
INFO:root:Data saved at "data/tau_opt-20200501-120515.pickle"
INFO:root:-------------------------------------------
INFO:root:Optimization of the cut-off time

INFO:root:Parameters:
protocol (0,)
p_gen 0.1
p_swap 0.5
t_trunc 200
w0 1.0
t_coh 600
optimizer full_de

INFO:root:Pretraining begins...
INFO:root:Pretraining finishes, reference pmf obtained.
INFO:root:The best tau found: (46,)
The best cut-off is located at: [0.9918983]
The best key rate is 0.03094655084678687

INFO:root:-------------------------------------------
INFO:root:Saving data...
INFO:root:Data saved at "data/tau_opt-20200501-120515.pickle"
INFO:root:-------------------------------------------
INFO:root:Optimization of the cut-off time

INFO:root:Parameters:
protocol (0,)
p_gen 0.1
p_swap 0.5
t_trunc 200
w0 1.0
t_coh 600
optimizer uniform_de

INFO:root:Pretraining begins...
INFO:root:Pretraining finishes, reference pmf obtained.
INFO:root:The best tau found: (44,)
The best cut-off is located at: [0.7867513]
The best key rate is 0.030946948204266564

INFO:root:-------------------------------------------
INFO:root:Saving data...
INFO:root:Data saved at "data/tau_opt-20200501-120515.pickle"
INFO:root:-------------------------------------------
INFO:root:Optimization of the cut-off time

INFO:root:Parameters:
protocol (0,)
p_gen 0.1
p_swap 0.5
t_trunc 200
w0 1.0
t_coh 700
optimizer full_de

INFO:root:Pretraining begins...
INFO:root:Pretraining finishes, reference pmf obtained.
INFO:root:The best tau found: (48,)
The best cut-off is located at: [0.99360984]
The best key rate is 0.03130338956159086

INFO:root:-------------------------------------------
INFO:root:Saving data...
INFO:root:Data saved at "data/tau_opt-20200501-120515.pickle"
INFO:root:-------------------------------------------
INFO:root:Optimization of the cut-off time

INFO:root:Parameters:
protocol (0,)
p_gen 0.1
p_swap 0.5
t_trunc 200
w0 1.0
t_coh 700
optimizer uniform_de

INFO:root:Pretraining begins...
INFO:root:Pretraining finishes, reference pmf obtained.
INFO:root:The best tau found: (48,)
The best cut-off is located at: [0.82239728]
The best key rate is 0.03130338956159086

INFO:root:-------------------------------------------
INFO:root:Saving data...
INFO:root:Data saved at "data/tau_opt-20200501-120515.pickle"
INFO:root:-------------------------------------------
INFO:root:Optimization of the cut-off time

INFO:root:Parameters:
protocol (0,)
p_gen 0.1
p_swap 0.5
t_trunc 200
w0 1.0
t_coh 800
optimizer full_de

INFO:root:Pretraining begins...
INFO:root:Pretraining finishes, reference pmf obtained.
INFO:root:The best tau found: (53,)
The best cut-off is located at: [0.99595451]
The best key rate is 0.03158230412402537

INFO:root:-------------------------------------------
INFO:root:Saving data...
INFO:root:Data saved at "data/tau_opt-20200501-120515.pickle"
INFO:root:-------------------------------------------
INFO:root:Optimization of the cut-off time

INFO:root:Parameters:
protocol (0,)
p_gen 0.1
p_swap 0.5
t_trunc 200
w0 1.0
t_coh 800
optimizer uniform_de

INFO:root:Pretraining begins...
INFO:root:Pretraining finishes, reference pmf obtained.
INFO:root:The best tau found: (52,)
The best cut-off is located at: [0.84914069]
The best key rate is 0.03158222683298331

INFO:root:-------------------------------------------
INFO:root:Saving data...
INFO:root:Data saved at "data/tau_opt-20200501-120515.pickle"
INFO:root:-------------------------------------------
INFO:root:Optimization of the cut-off time

INFO:root:Parameters:
protocol (0,)
p_gen 0.1
p_swap 0.5
t_trunc 200
w0 1.0
t_coh 1000
optimizer full_de

INFO:root:Pretraining begins...
INFO:root:Pretraining finishes, reference pmf obtained.
INFO:root:The best tau found: (45,)
The best cut-off is located at: [0.99052573]
The best key rate is 0.03197683182761805

INFO:root:-------------------------------------------
INFO:root:Saving data...
INFO:root:Data saved at "data/tau_opt-20200501-120515.pickle"
INFO:root:-------------------------------------------
INFO:root:Optimization of the cut-off time

INFO:root:Parameters:
protocol (0,)
p_gen 0.1
p_swap 0.5
t_trunc 200
w0 1.0
t_coh 1000
optimizer uniform_de

INFO:root:Pretraining begins...
INFO:root:Pretraining finishes, reference pmf obtained.
INFO:root:The best tau found: (85,)
The best cut-off is located at: [0.95788298]
The best key rate is 0.03198897024659538

INFO:root:-------------------------------------------
INFO:root:Saving data...
INFO:root:Data saved at "data/tau_opt-20200501-120515.pickle"
INFO:root:-------------------------------------------
INFO:root:Optimization of the cut-off time

INFO:root:Parameters:
protocol (0,)
p_gen 0.1
p_swap 0.5
t_trunc 200
w0 1.0
t_coh 1200
optimizer full_de

INFO:root:Pretraining begins...
INFO:root:Pretraining finishes, reference pmf obtained.
INFO:root:The best tau found: (74,)
The best cut-off is located at: [0.99955425]
The best key rate is 0.032276626579492575

INFO:root:-------------------------------------------
INFO:root:Saving data...
INFO:root:Data saved at "data/tau_opt-20200501-120515.pickle"
INFO:root:-------------------------------------------
INFO:root:Optimization of the cut-off time

INFO:root:Parameters:
protocol (0,)
p_gen 0.1
p_swap 0.5
t_trunc 200
w0 1.0
t_coh 1200
optimizer uniform_de

INFO:root:Pretraining begins...
INFO:root:Pretraining finishes, reference pmf obtained.
INFO:root:The best tau found: (68,)
The best cut-off is located at: [0.91958474]
The best key rate is 0.03227676172535363

INFO:root:-------------------------------------------
INFO:root:Saving data...
INFO:root:Data saved at "data/tau_opt-20200501-120515.pickle"
INFO:root:Saving parameters into record...
INFO:root:Simulation finished.
