INFO:root:ID: tau_opt-20200316-091026
INFO:root:Date: 2020-03-16 09:10:26

INFO:root:Parameters:
protocol (0, 0, 0)
p_gen 0.1
p_swap [0.5, 0.6, 0.7, 0.8, 0.9]
t_trunc 2500
w0 0.98
t_coh 400
optimizer ['full_de', 'uniform_de', 'none']

INFO:root:Saving data...
INFO:root:Data saved at "data/tau_opt-20200316-091026.pickle"
INFO:root:Saving data...
INFO:root:Data saved at "data/tau_opt-20200316-091026.pickle"
INFO:root:Saving data...
INFO:root:Data saved at "data/tau_opt-20200316-091026.pickle"
INFO:root:Saving data...
INFO:root:Data saved at "data/tau_opt-20200316-091026.pickle"
INFO:root:Saving data...
INFO:root:Data saved at "data/tau_opt-20200316-091026.pickle"
INFO:root:Saving data...
INFO:root:Data saved at "data/tau_opt-20200316-091026.pickle"
INFO:root:Saving data...
INFO:root:Data saved at "data/tau_opt-20200316-091026.pickle"
INFO:root:Saving data...
INFO:root:Data saved at "data/tau_opt-20200316-091026.pickle"
INFO:root:Saving data...
INFO:root:Data saved at "data/tau_opt-20200316-091026.pickle"
INFO:root:Saving data...
INFO:root:Data saved at "data/tau_opt-20200316-091026.pickle"
INFO:root:Saving data...
INFO:root:Data saved at "data/tau_opt-20200316-091026.pickle"
INFO:root:Saving data...
INFO:root:Data saved at "data/tau_opt-20200316-091026.pickle"
INFO:root:Saving data...
INFO:root:Data saved at "data/tau_opt-20200316-091026.pickle"
INFO:root:Saving data...
INFO:root:Data saved at "data/tau_opt-20200316-091026.pickle"
INFO:root:Saving data...
INFO:root:Data saved at "data/tau_opt-20200316-091026.pickle"
INFO:root:Saving parameters into record...
INFO:root:Simulation finished.
