INFO:root:ID: tau_opt-20200411-135701
INFO:root:Date: 2020-04-11 13:57:01

INFO:root:Parameters:
protocol (0, 0, 0)
p_gen 0.1
p_swap 0.5
t_trunc 3000
w0 [0.97, 0.975, 0.98, 0.985, 0.99, 0.995, 1.0]
t_coh [300, 325, 350, 375, 400, 450, 475, 500, 550, 600, 700, 800, 1000, 1500]
optimizer ['none']

INFO:root:Saving data...
INFO:root:Data saved at "data/tau_opt-20200411-135701.pickle"
INFO:root:Saving data...
INFO:root:Data saved at "data/tau_opt-20200411-135701.pickle"
INFO:root:Saving data...
INFO:root:Data saved at "data/tau_opt-20200411-135701.pickle"
INFO:root:Saving data...
INFO:root:Data saved at "data/tau_opt-20200411-135701.pickle"
INFO:root:Saving data...
INFO:root:Data saved at "data/tau_opt-20200411-135701.pickle"
INFO:root:Saving data...
INFO:root:Data saved at "data/tau_opt-20200411-135701.pickle"
INFO:root:Saving data...
INFO:root:Data saved at "data/tau_opt-20200411-135701.pickle"
INFO:root:Saving data...
INFO:root:Data saved at "data/tau_opt-20200411-135701.pickle"
INFO:root:Saving data...
INFO:root:Data saved at "data/tau_opt-20200411-135701.pickle"
INFO:root:Saving data...
INFO:root:Data saved at "data/tau_opt-20200411-135701.pickle"
INFO:root:Saving data...
INFO:root:Data saved at "data/tau_opt-20200411-135701.pickle"
INFO:root:Saving data...
INFO:root:Data saved at "data/tau_opt-20200411-135701.pickle"
INFO:root:Saving data...
INFO:root:Data saved at "data/tau_opt-20200411-135701.pickle"
INFO:root:Saving data...
INFO:root:Data saved at "data/tau_opt-20200411-135701.pickle"
INFO:root:Saving data...
INFO:root:Data saved at "data/tau_opt-20200411-135701.pickle"
INFO:root:Saving data...
INFO:root:Data saved at "data/tau_opt-20200411-135701.pickle"
INFO:root:Saving data...
INFO:root:Data saved at "data/tau_opt-20200411-135701.pickle"
INFO:root:Saving data...
INFO:root:Data saved at "data/tau_opt-20200411-135701.pickle"
INFO:root:Saving data...
INFO:root:Data saved at "data/tau_opt-20200411-135701.pickle"
INFO:root:Saving data...
INFO:root:Data saved at "data/tau_opt-20200411-135701.pickle"
INFO:root:Saving data...
INFO:root:Data saved at "data/tau_opt-20200411-135701.pickle"
INFO:root:Saving data...
INFO:root:Data saved at "data/tau_opt-20200411-135701.pickle"
INFO:root:Saving data...
INFO:root:Data saved at "data/tau_opt-20200411-135701.pickle"
INFO:root:Saving data...
INFO:root:Data saved at "data/tau_opt-20200411-135701.pickle"
INFO:root:Saving data...
INFO:root:Data saved at "data/tau_opt-20200411-135701.pickle"
INFO:root:Saving data...
INFO:root:Data saved at "data/tau_opt-20200411-135701.pickle"
INFO:root:Saving data...
INFO:root:Data saved at "data/tau_opt-20200411-135701.pickle"
INFO:root:Saving data...
INFO:root:Data saved at "data/tau_opt-20200411-135701.pickle"
INFO:root:Saving data...
INFO:root:Data saved at "data/tau_opt-20200411-135701.pickle"
INFO:root:Saving data...
INFO:root:Data saved at "data/tau_opt-20200411-135701.pickle"
INFO:root:Saving data...
INFO:root:Data saved at "data/tau_opt-20200411-135701.pickle"
INFO:root:Saving data...
INFO:root:Data saved at "data/tau_opt-20200411-135701.pickle"
INFO:root:Saving data...
INFO:root:Data saved at "data/tau_opt-20200411-135701.pickle"
INFO:root:Saving data...
INFO:root:Data saved at "data/tau_opt-20200411-135701.pickle"
INFO:root:Saving data...
INFO:root:Data saved at "data/tau_opt-20200411-135701.pickle"
INFO:root:Saving data...
INFO:root:Data saved at "data/tau_opt-20200411-135701.pickle"
INFO:root:Saving data...
INFO:root:Data saved at "data/tau_opt-20200411-135701.pickle"
INFO:root:Saving data...
INFO:root:Data saved at "data/tau_opt-20200411-135701.pickle"
INFO:root:Saving data...
INFO:root:Data saved at "data/tau_opt-20200411-135701.pickle"
INFO:root:Saving data...
INFO:root:Data saved at "data/tau_opt-20200411-135701.pickle"
INFO:root:Saving data...
INFO:root:Data saved at "data/tau_opt-20200411-135701.pickle"
INFO:root:Saving data...
INFO:root:Data saved at "data/tau_opt-20200411-135701.pickle"
INFO:root:Saving data...
INFO:root:Data saved at "data/tau_opt-20200411-135701.pickle"
INFO:root:Saving data...
INFO:root:Data saved at "data/tau_opt-20200411-135701.pickle"
INFO:root:Saving data...
INFO:root:Data saved at "data/tau_opt-20200411-135701.pickle"
INFO:root:Saving data...
INFO:root:Data saved at "data/tau_opt-20200411-135701.pickle"
INFO:root:Saving data...
INFO:root:Data saved at "data/tau_opt-20200411-135701.pickle"
INFO:root:Saving data...
INFO:root:Data saved at "data/tau_opt-20200411-135701.pickle"
INFO:root:Saving data...
INFO:root:Data saved at "data/tau_opt-20200411-135701.pickle"
INFO:root:Saving data...
INFO:root:Data saved at "data/tau_opt-20200411-135701.pickle"
INFO:root:Saving data...
INFO:root:Data saved at "data/tau_opt-20200411-135701.pickle"
INFO:root:Saving data...
INFO:root:Data saved at "data/tau_opt-20200411-135701.pickle"
INFO:root:Saving data...
INFO:root:Data saved at "data/tau_opt-20200411-135701.pickle"
INFO:root:Saving data...
INFO:root:Data saved at "data/tau_opt-20200411-135701.pickle"
INFO:root:Saving data...
INFO:root:Data saved at "data/tau_opt-20200411-135701.pickle"
INFO:root:Saving data...
INFO:root:Data saved at "data/tau_opt-20200411-135701.pickle"
INFO:root:Saving data...
INFO:root:Data saved at "data/tau_opt-20200411-135701.pickle"
INFO:root:Saving data...
INFO:root:Data saved at "data/tau_opt-20200411-135701.pickle"
INFO:root:Saving data...
INFO:root:Data saved at "data/tau_opt-20200411-135701.pickle"
INFO:root:Saving data...
INFO:root:Data saved at "data/tau_opt-20200411-135701.pickle"
INFO:root:Saving data...
INFO:root:Data saved at "data/tau_opt-20200411-135701.pickle"
INFO:root:Saving data...
INFO:root:Data saved at "data/tau_opt-20200411-135701.pickle"
INFO:root:Saving data...
INFO:root:Data saved at "data/tau_opt-20200411-135701.pickle"
INFO:root:Saving data...
INFO:root:Data saved at "data/tau_opt-20200411-135701.pickle"
INFO:root:Saving data...
INFO:root:Data saved at "data/tau_opt-20200411-135701.pickle"
INFO:root:Saving data...
INFO:root:Data saved at "data/tau_opt-20200411-135701.pickle"
INFO:root:Saving data...
INFO:root:Data saved at "data/tau_opt-20200411-135701.pickle"
INFO:root:Saving data...
INFO:root:Data saved at "data/tau_opt-20200411-135701.pickle"
INFO:root:Saving data...
INFO:root:Data saved at "data/tau_opt-20200411-135701.pickle"
INFO:root:Saving data...
INFO:root:Data saved at "data/tau_opt-20200411-135701.pickle"
INFO:root:Saving data...
INFO:root:Data saved at "data/tau_opt-20200411-135701.pickle"
INFO:root:Saving data...
INFO:root:Data saved at "data/tau_opt-20200411-135701.pickle"
INFO:root:Saving data...
INFO:root:Data saved at "data/tau_opt-20200411-135701.pickle"
INFO:root:Saving data...
INFO:root:Data saved at "data/tau_opt-20200411-135701.pickle"
INFO:root:Saving data...
INFO:root:Data saved at "data/tau_opt-20200411-135701.pickle"
INFO:root:Saving data...
INFO:root:Data saved at "data/tau_opt-20200411-135701.pickle"
INFO:root:Saving data...
INFO:root:Data saved at "data/tau_opt-20200411-135701.pickle"
INFO:root:Saving data...
INFO:root:Data saved at "data/tau_opt-20200411-135701.pickle"
INFO:root:Saving data...
INFO:root:Data saved at "data/tau_opt-20200411-135701.pickle"
INFO:root:Saving data...
INFO:root:Data saved at "data/tau_opt-20200411-135701.pickle"
INFO:root:Saving data...
INFO:root:Data saved at "data/tau_opt-20200411-135701.pickle"
INFO:root:Saving data...
INFO:root:Data saved at "data/tau_opt-20200411-135701.pickle"
INFO:root:Saving data...
INFO:root:Data saved at "data/tau_opt-20200411-135701.pickle"
INFO:root:Saving data...
INFO:root:Data saved at "data/tau_opt-20200411-135701.pickle"
INFO:root:Saving data...
INFO:root:Data saved at "data/tau_opt-20200411-135701.pickle"
INFO:root:Saving data...
INFO:root:Data saved at "data/tau_opt-20200411-135701.pickle"
INFO:root:Saving data...
INFO:root:Data saved at "data/tau_opt-20200411-135701.pickle"
INFO:root:Saving data...
INFO:root:Data saved at "data/tau_opt-20200411-135701.pickle"
INFO:root:Saving data...
INFO:root:Data saved at "data/tau_opt-20200411-135701.pickle"
INFO:root:Saving data...
INFO:root:Data saved at "data/tau_opt-20200411-135701.pickle"
INFO:root:Saving data...
INFO:root:Data saved at "data/tau_opt-20200411-135701.pickle"
INFO:root:Saving data...
INFO:root:Data saved at "data/tau_opt-20200411-135701.pickle"
INFO:root:Saving data...
INFO:root:Data saved at "data/tau_opt-20200411-135701.pickle"
INFO:root:Saving data...
INFO:root:Data saved at "data/tau_opt-20200411-135701.pickle"
INFO:root:Saving data...
INFO:root:Data saved at "data/tau_opt-20200411-135701.pickle"
INFO:root:Saving data...
INFO:root:Data saved at "data/tau_opt-20200411-135701.pickle"
INFO:root:Saving data...
INFO:root:Data saved at "data/tau_opt-20200411-135701.pickle"
INFO:root:Saving data...
INFO:root:Data saved at "data/tau_opt-20200411-135701.pickle"
INFO:root:Saving parameters into record...
INFO:root:Simulation finished.
