INFO:root:ID: tau_opt-20200317-143529
INFO:root:Date: 2020-03-17 14:35:29

INFO:root:Parameters:
protocol (0, 0, 0)
p_gen [0.1, 0.2, 0.3, 0.4, 0.5]
p_swap 0.5
t_trunc 3000
w0 0.98
t_coh 400
optimizer ['full_de', 'uniform_de', 'none']

INFO:root:-------------------------------------------
INFO:root:Optimization of the cut-off time

INFO:root:Pretraining begins...

INFO:root:Pretraining finishes, reference pmf obtained.

INFO:root:The best tau found: (17, 32, 55)
The best cut-off is located at: [0.81775333 0.65996653 0.43452403]
The best key rate is 0.00035379511745899935


INFO:root:-------------------------------------------
INFO:root:Saving data...
INFO:root:Data saved at "data/tau_opt-20200317-143529.pickle"
INFO:root:-------------------------------------------
INFO:root:Optimization of the cut-off time

INFO:root:Pretraining begins...

INFO:root:Pretraining finishes, reference pmf obtained.

INFO:root:The best tau found: (37, 37, 37)
The best cut-off is located at: [0.04074963]
The best key rate is 0.0003196067521768056


INFO:root:-------------------------------------------
INFO:root:Saving data...
INFO:root:Data saved at "data/tau_opt-20200317-143529.pickle"
INFO:root:Saving data...
INFO:root:Data saved at "data/tau_opt-20200317-143529.pickle"
INFO:root:-------------------------------------------
INFO:root:Optimization of the cut-off time

INFO:root:Pretraining begins...

INFO:root:Pretraining finishes, reference pmf obtained.

INFO:root:Local optimal check fails. The best tau found is not optimal. Neighboring tau = (15, 30, 49) is better with an increase in the secrete key rate of 0.04%.
INFO:root:The current tau found: (15, 31, 48)
The current cut-off is located at: [0.96252705 0.90504241 0.69324909]
The current key rate is 0.0016287122935941638
INFO:root:The following change has been made to the parameters:
INFO:root:Population is increased to 45.
INFO:root:Search region for tau[0] is reduced to (7,2001).
INFO:root:Search region for tau[1] is reduced to (17,2001).
INFO:root:Search region for tau[2] is reduced to (31,87).
INFO:root:Optimization fails to find the best cut-off. Restarting.

INFO:root:Local optimal check fails. The best tau found is not optimal. Neighboring tau = (15, 30, 50) is better with an increase in the secrete key rate of 0.03%.
INFO:root:The current tau found: (15, 31, 50)
The current cut-off is located at: [0.84797794 0.67955581 0.53144977]
The current key rate is 0.0016289407456412076
INFO:root:The following change has been made to the parameters:
INFO:root:Population is increased to 67.
INFO:root:Search region for tau[0] is reduced to (11,2001).
INFO:root:Search region for tau[1] is reduced to (25,47).
INFO:root:Search region for tau[2] is reduced to (42,63).
INFO:root:Optimization fails to find the best cut-off. Restarting.

INFO:root:The best tau found: (15, 29, 49)
The best cut-off is located at: [0.59395206 0.33776776 0.4188853 ]
The best key rate is 0.0016294282085143894


INFO:root:-------------------------------------------
INFO:root:Saving data...
INFO:root:Data saved at "data/tau_opt-20200317-143529.pickle"
INFO:root:-------------------------------------------
INFO:root:Optimization of the cut-off time

INFO:root:Pretraining begins...

INFO:root:Pretraining finishes, reference pmf obtained.

INFO:root:The best tau found: (43, 43, 43)
The best cut-off is located at: [0.21775843]
The best key rate is 0.001602095348705993


INFO:root:-------------------------------------------
INFO:root:Saving data...
INFO:root:Data saved at "data/tau_opt-20200317-143529.pickle"
INFO:root:Saving data...
INFO:root:Data saved at "data/tau_opt-20200317-143529.pickle"
INFO:root:-------------------------------------------
INFO:root:Optimization of the cut-off time

INFO:root:Pretraining begins...

INFO:root:Pretraining finishes, reference pmf obtained.

INFO:root:The best tau found: (15, 28, 47)
The best cut-off is located at: [0.99358214 0.96395135 0.84934829]
The best key rate is 0.0034232841702108623


INFO:root:-------------------------------------------
INFO:root:Saving data...
INFO:root:Data saved at "data/tau_opt-20200317-143529.pickle"
INFO:root:-------------------------------------------
INFO:root:Optimization of the cut-off time

INFO:root:Pretraining begins...

INFO:root:Pretraining finishes, reference pmf obtained.

INFO:root:The best tau found: (44, 44, 44)
The best cut-off is located at: [0.38364945]
The best key rate is 0.00341288596251041


INFO:root:-------------------------------------------
INFO:root:Saving data...
INFO:root:Data saved at "data/tau_opt-20200317-143529.pickle"
INFO:root:Saving data...
INFO:root:Data saved at "data/tau_opt-20200317-143529.pickle"
INFO:root:-------------------------------------------
INFO:root:Optimization of the cut-off time

INFO:root:Pretraining begins...

INFO:root:Pretraining finishes, reference pmf obtained.

INFO:root:The best tau found: (17, 26, 44)
The best cut-off is located at: [0.9997726  0.98695154 0.91552891]
The best key rate is 0.00554855243968203


INFO:root:-------------------------------------------
INFO:root:Saving data...
INFO:root:Data saved at "data/tau_opt-20200317-143529.pickle"
INFO:root:-------------------------------------------
INFO:root:Optimization of the cut-off time

INFO:root:Pretraining begins...

INFO:root:Pretraining finishes, reference pmf obtained.

INFO:root:The best tau found: (43, 43, 43)
The best cut-off is located at: [0.51862868]
The best key rate is 0.005545612833699097


INFO:root:-------------------------------------------
INFO:root:Saving data...
INFO:root:Data saved at "data/tau_opt-20200317-143529.pickle"
INFO:root:Saving data...
INFO:root:Data saved at "data/tau_opt-20200317-143529.pickle"
INFO:root:-------------------------------------------
INFO:root:Optimization of the cut-off time

INFO:root:Pretraining begins...

INFO:root:Pretraining finishes, reference pmf obtained.

INFO:root:The best tau found: (10, 26, 40)
The best cut-off is located at: [0.99880321 0.99624989 0.94661281]
The best key rate is 0.007961899916781699


INFO:root:-------------------------------------------
INFO:root:Saving data...
INFO:root:Data saved at "data/tau_opt-20200317-143529.pickle"
INFO:root:-------------------------------------------
INFO:root:Optimization of the cut-off time

INFO:root:Pretraining begins...

INFO:root:Pretraining finishes, reference pmf obtained.

INFO:root:The best tau found: (41, 41, 41)
The best cut-off is located at: [0.60485231]
The best key rate is 0.007961738370751419


INFO:root:-------------------------------------------
INFO:root:Saving data...
INFO:root:Data saved at "data/tau_opt-20200317-143529.pickle"
INFO:root:Saving data...
INFO:root:Data saved at "data/tau_opt-20200317-143529.pickle"
INFO:root:Saving parameters into record...
INFO:root:Simulation finished.
